2025-06-20 23:19:57,619 [Worker-5: Loading available Gradle versions] INFO  o.e.b.c.i.u.g.PublishedGradleVersions - Gradle version information cache is not available. Remote download required.
2025-06-20 23:23:17,788 [Worker-2: Building] INFO  o.e.m.c.i.l.LifecycleMappingFactory - Using org.eclipse.m2e.jdt.JarLifecycleMapping lifecycle mapping for MavenProject: org.upn.edu.pe:crudApiRest:0.0.1-SNAPSHOT @ C:\Users\Alex\Desktop\SolucionesT3\s12\Correcciones3\Spring-CrudApiRest\crudApiRest\pom.xml.
2025-06-20 23:23:18,996 [Worker-2: Building] INFO  o.a.m.s.f.DefaultMavenResourcesFiltering - Copying 1 resource from src\main\resources to target\classes
2025-06-20 23:23:19,010 [Worker-2: Building] INFO  o.a.m.s.f.DefaultMavenResourcesFiltering - Copying 0 resource from src\main\resources to target\classes
2025-06-20 23:23:19,015 [Worker-2: Building] INFO  o.a.m.s.f.DefaultMavenResourcesFiltering - skip non existing resourceDirectory C:\Users\Alex\Desktop\SolucionesT3\s12\Correcciones3\Spring-CrudApiRest\crudApiRest\src\test\resources
2025-06-20 23:23:19,278 [Worker-12: Updating Maven Dependencies] INFO  o.e.m.c.i.l.LifecycleMappingFactory - Using org.eclipse.m2e.jdt.JarLifecycleMapping lifecycle mapping for MavenProject: org.upn.edu.pe:crudApiRest:0.0.1-SNAPSHOT @ C:\Users\Alex\Desktop\SolucionesT3\s12\Correcciones3\Spring-CrudApiRest\crudApiRest\pom.xml.
2025-06-20 23:23:19,471 [Worker-5: Building] INFO  o.a.m.s.f.DefaultMavenResourcesFiltering - Copying 1 resource from src\main\resources to target\classes
2025-06-20 23:23:19,473 [Worker-5: Building] INFO  o.a.m.s.f.DefaultMavenResourcesFiltering - Copying 0 resource from src\main\resources to target\classes
2025-06-20 23:23:19,477 [Worker-5: Building] INFO  o.a.m.s.f.DefaultMavenResourcesFiltering - skip non existing resourceDirectory C:\Users\Alex\Desktop\SolucionesT3\s12\Correcciones3\Spring-CrudApiRest\crudApiRest\src\test\resources
2025-07-07 23:29:57,016 [Worker-7: Loading available Gradle versions] INFO  o.e.b.c.i.u.g.PublishedGradleVersions - Gradle version information cache is out-of-date. Trying to update.
2025-07-07 23:30:05,446 [Worker-7: Building] INFO  o.a.m.s.f.DefaultMavenResourcesFiltering - Copying 1 resource from src\main\resources to target\classes
2025-07-07 23:30:05,461 [Worker-7: Building] INFO  o.a.m.s.f.DefaultMavenResourcesFiltering - Copying 0 resource from src\main\resources to target\classes
2025-07-07 23:30:05,466 [Worker-7: Building] INFO  o.a.m.s.f.DefaultMavenResourcesFiltering - skip non existing resourceDirectory C:\Users\Alex\Desktop\SolucionesT3\s12\Correcciones3\Spring-CrudApiRest\crudApiRest\src\test\resources
2025-07-07 23:43:21,142 [Worker-21: Building] INFO  o.e.m.c.i.l.LifecycleMappingFactory - Using org.eclipse.m2e.jdt.JarLifecycleMapping lifecycle mapping for MavenProject: org.upn.edu.pe:crudApiRest:0.0.1-SNAPSHOT @ C:\Users\Alex\Desktop\SolucionesT3\s12\001 USB\desplegar_donweb\Spring-CrudApiRest\crudApiRest\pom.xml.
2025-07-07 23:43:21,548 [Worker-21: Building] INFO  o.a.m.s.f.DefaultMavenResourcesFiltering - Copying 1 resource from src\main\resources to target\classes
2025-07-07 23:43:21,558 [Worker-21: Building] INFO  o.a.m.s.f.DefaultMavenResourcesFiltering - Copying 0 resource from src\main\resources to target\classes
2025-07-07 23:43:21,561 [Worker-21: Building] INFO  o.a.m.s.f.DefaultMavenResourcesFiltering - skip non existing resourceDirectory C:\Users\Alex\Desktop\SolucionesT3\s12\001 USB\desplegar_donweb\Spring-CrudApiRest\crudApiRest\src\test\resources
2025-07-07 23:43:21,919 [Worker-20: Building] INFO  o.a.m.s.f.DefaultMavenResourcesFiltering - Copying 1 resource from src\main\resources to target\classes
2025-07-07 23:43:21,920 [Worker-20: Building] INFO  o.a.m.s.f.DefaultMavenResourcesFiltering - Copying 0 resource from src\main\resources to target\classes
2025-07-07 23:43:21,923 [Worker-20: Building] INFO  o.a.m.s.f.DefaultMavenResourcesFiltering - skip non existing resourceDirectory C:\Users\Alex\Desktop\SolucionesT3\s12\001 USB\desplegar_donweb\Spring-CrudApiRest\crudApiRest\src\test\resources
2025-07-07 23:43:22,332 [Worker-6: Updating Maven Dependencies] INFO  o.e.m.c.i.l.LifecycleMappingFactory - Using org.eclipse.m2e.jdt.JarLifecycleMapping lifecycle mapping for MavenProject: org.upn.edu.pe:crudApiRest:0.0.1-SNAPSHOT @ C:\Users\Alex\Desktop\SolucionesT3\s12\001 USB\desplegar_donweb\Spring-CrudApiRest\crudApiRest\pom.xml.
2025-07-07 23:44:24,018 [Worker-21: Building] INFO  o.a.m.s.f.DefaultMavenResourcesFiltering - Copying 1 resource from src\main\resources to target\classes
2025-07-07 23:44:24,026 [Worker-21: Building] INFO  o.a.m.s.f.DefaultMavenResourcesFiltering - skip non existing resourceDirectory C:\Users\Alex\Desktop\SolucionesT3\s12\001 USB\desplegar_donweb\Spring-CrudApiRest\crudApiRest\src\test\resources
2025-07-07 23:47:28,486 [Worker-25: Building] INFO  o.a.m.s.f.DefaultMavenResourcesFiltering - Copying 1 resource from src\main\resources to target\classes
2025-07-07 23:47:28,489 [Worker-25: Building] INFO  o.a.m.s.f.DefaultMavenResourcesFiltering - skip non existing resourceDirectory C:\Users\Alex\Desktop\SolucionesT3\s12\001 USB\desplegar_donweb\Spring-CrudApiRest\crudApiRest\src\test\resources
2025-07-08 00:55:51,609 [Worker-6: Building] INFO  o.a.m.s.f.DefaultMavenResourcesFiltering - Copying 1 resource from src\main\resources to target\classes
2025-07-08 00:55:51,654 [Worker-6: Building] INFO  o.a.m.s.f.DefaultMavenResourcesFiltering - Copying 0 resource from src\main\resources to target\classes
2025-07-08 00:55:51,658 [Worker-6: Building] INFO  o.a.m.s.f.DefaultMavenResourcesFiltering - skip non existing resourceDirectory C:\Users\Alex\Desktop\SolucionesT3\s12\001 USB\desplegar_donweb\Spring-CrudApiRest\crudApiRest\src\test\resources
